<?xml version="1.0" encoding="UTF-8"?>
<!-- Generated by org.testng.reporters.JUnitReportReporter -->
<testsuite hostname="DESKTOP-PTFMALK" failures="0" tests="1" name="SignUp.SignUpTest" time="22.382" errors="0" timestamp="21 Aug 2020 17:10:54 GMT" skipped="0">
  <testcase classname="SignUp.SignUpTest" name="registerData" time="22.382"/>
</testsuite> <!-- SignUp.SignUpTest -->
