<?xml version="1.0" encoding="UTF-8"?>
<!-- Generated by org.testng.reporters.JUnitReportReporter -->
<testsuite hostname="DESKTOP-PTFMALK" failures="0" tests="5" name="Login.LoginTest" time="90.172" errors="0" timestamp="22 Aug 2020 06:36:20 GMT" skipped="0">
  <testcase classname="Login.LoginTest" name="loginData" time="16.291"/>
  <testcase classname="Login.LoginTest" name="loginData" time="16.310"/>
  <testcase classname="Login.LoginTest" name="loginData" time="18.969"/>
  <testcase classname="Login.LoginTest" name="loginData" time="19.632"/>
  <testcase classname="Login.LoginTest" name="loginData" time="18.970"/>
</testsuite> <!-- Login.LoginTest -->
