<?xml version="1.0" encoding="UTF-8"?>
<!-- Generated by org.testng.reporters.JUnitReportReporter -->
<testsuite hostname="DESKTOP-PTFMALK" failures="0" tests="5" name="SignUp.SignUpTest" time="113.187" errors="0" timestamp="22 Aug 2020 06:04:45 GMT" skipped="0">
  <testcase classname="SignUp.SignUpTest" name="registerData" time="20.570"/>
  <testcase classname="SignUp.SignUpTest" name="registerData" time="21.788"/>
  <testcase classname="SignUp.SignUpTest" name="registerData" time="23.511"/>
  <testcase classname="SignUp.SignUpTest" name="registerData" time="22.728"/>
  <testcase classname="SignUp.SignUpTest" name="registerData" time="24.590"/>
</testsuite> <!-- SignUp.SignUpTest -->
