<?xml version="1.0" encoding="UTF-8"?>
<!-- Generated by org.testng.reporters.JUnitReportReporter -->
<testsuite hostname="DESKTOP-PTFMALK" failures="0" tests="5" name="SignUp.SignUpTest" time="102.698" errors="0" timestamp="22 Aug 2020 07:17:54 GMT" skipped="0">
  <testcase classname="SignUp.SignUpTest" name="registerData" time="22.105"/>
  <testcase classname="SignUp.SignUpTest" name="registerData" time="20.132"/>
  <testcase classname="SignUp.SignUpTest" name="registerData" time="19.473"/>
  <testcase classname="SignUp.SignUpTest" name="registerData" time="19.957"/>
  <testcase classname="SignUp.SignUpTest" name="registerData" time="21.031"/>
</testsuite> <!-- SignUp.SignUpTest -->
